<?xml version="1.0" encoding="utf-8" standalone="no"?>
<!--This file represents the results of running a test suite-->
<test-results name="C:\Users\Ian\Documents\Visual Studio 2010\Projects\GardenClubMileage\GardenClubTests\bin\Debug\GardenClubTests.dll" total="6" errors="0" failures="0" not-run="0" inconclusive="0" ignored="0" skipped="0" invalid="0" date="2013-10-04" time="18:53:20">
  <environment nunit-version="2.6.2.12296" clr-version="2.0.50727.5472" os-version="Microsoft Windows NT 6.1.7601 Service Pack 1" platform="Win32NT" cwd="C:\Program Files (x86)\NUnit 2.6.2\bin" machine-name="IAN-HOME" user="Ian" user-domain="Ian-Home" />
  <culture-info current-culture="en-US" current-uiculture="en-US" />
  <test-suite type="Assembly" name="C:\Users\Ian\Documents\Visual Studio 2010\Projects\GardenClubMileage\GardenClubTests\bin\Debug\GardenClubTests.dll" executed="True" result="Success" success="True" time="0.222" asserts="0">
    <results>
      <test-suite type="Namespace" name="GardenClubTests" executed="True" result="Success" success="True" time="0.205" asserts="0">
        <results>
          <test-suite type="TestFixture" name="GardenClubTests" executed="True" result="Success" success="True" time="0.203" asserts="0">
            <results>
              <test-case name="GardenClubTests.GardenClubTests.allSegmentsAreConnected" executed="True" result="Success" success="True" time="0.020" asserts="0" />
              <test-case name="GardenClubTests.GardenClubTests.ClubCarnationToMumsfordMatchesThreeSegments" executed="True" result="Success" success="True" time="0.040" asserts="1" />
              <test-case name="GardenClubTests.GardenClubTests.pathContainsAllVertices" executed="True" result="Success" success="True" time="0.019" asserts="2" />
              <test-case name="GardenClubTests.GardenClubTests.pointHasName" executed="True" result="Success" success="True" time="0.001" asserts="1" />
              <test-case name="GardenClubTests.GardenClubTests.segmentHasLength" executed="True" result="Success" success="True" time="0.000" asserts="1" />
              <test-case name="GardenClubTests.GardenClubTests.segmentHasTwoPoints" executed="True" result="Success" success="True" time="0.000" asserts="1" />
            </results>
          </test-suite>
        </results>
      </test-suite>
    </results>
  </test-suite>
</test-results>